[2022-09-28 21:32:27,014 ][INFO    ][Saved scores from the model in file: nlpir01/results/nlpir01.predictions ]
[2022-09-28 21:32:27,014 ][INFO    ][Saved scores from the model in file: nlpir01/results/nlpir01.predictions ]
[2022-09-28 21:38:18,613 ][INFO    ][Saved scores from the model in file: nlpir01/results/T2-EN-nlpir01-run_type.txt ]
[2022-09-28 21:38:18,613 ][INFO    ][Saved scores from the model in file: nlpir01/results/T2-EN-nlpir01-run_type.txt ]
[2022-09-28 21:38:28,215 ][INFO    ][Saved results to file: nlpir01/results/nlpir01.result ]
[2022-09-28 21:38:28,215 ][INFO    ][Saved results to file: nlpir01/results/nlpir01.result ]
[2022-09-29 08:26:36,615 ][INFO    ][Saved scores from the model in file: nlpir01/results/nlpir01.predictions ]
[2022-09-29 08:26:36,615 ][INFO    ][Saved scores from the model in file: nlpir01/results/nlpir01.predictions ]
[2022-09-29 08:32:08,208 ][INFO    ][Saved scores from the model in file: nlpir01/results/T2-EN-nlpir01-run_type.txt ]
[2022-09-29 08:32:08,208 ][INFO    ][Saved scores from the model in file: nlpir01/results/T2-EN-nlpir01-run_type.txt ]
[2022-09-29 08:32:17,729 ][INFO    ][Saved results to file: nlpir01/results/nlpir01.result ]
[2022-09-29 08:32:17,729 ][INFO    ][Saved results to file: nlpir01/results/nlpir01.result ]
[2022-09-29 13:29:50,419 ][INFO    ][Saved scores from the model in file: nlpir01/results/nlpir01.predictions ]
[2022-09-29 13:29:50,419 ][INFO    ][Saved scores from the model in file: nlpir01/results/nlpir01.predictions ]
[2022-09-29 13:36:52,642 ][INFO    ][Saved scores from the model in file: nlpir01/results/T2-EN-nlpir01-run_type.txt ]
[2022-09-29 13:36:52,642 ][INFO    ][Saved scores from the model in file: nlpir01/results/T2-EN-nlpir01-run_type.txt ]
[2022-09-29 13:37:04,051 ][INFO    ][Saved results to file: nlpir01/results/nlpir01.result ]
[2022-09-29 13:37:04,051 ][INFO    ][Saved results to file: nlpir01/results/nlpir01.result ]
[2022-09-29 14:26:58,495 ][INFO    ][Saved scores from the model in file: nlpir01/results/nlpir01.predictions ]
[2022-09-29 14:26:58,495 ][INFO    ][Saved scores from the model in file: nlpir01/results/nlpir01.predictions ]
[2022-09-29 14:32:51,915 ][INFO    ][Saved scores from the model in file: nlpir01/results/T2-EN-nlpir01-run_type.txt ]
[2022-09-29 14:32:51,915 ][INFO    ][Saved scores from the model in file: nlpir01/results/T2-EN-nlpir01-run_type.txt ]
[2022-09-29 14:33:01,786 ][INFO    ][Saved results to file: nlpir01/results/nlpir01.result ]
[2022-09-29 14:33:01,786 ][INFO    ][Saved results to file: nlpir01/results/nlpir01.result ]
[2022-09-29 14:50:00,728 ][INFO    ][Saved scores from the model in file: nlpir01/results/nlpir01.predictions ]
[2022-09-29 14:50:00,728 ][INFO    ][Saved scores from the model in file: nlpir01/results/nlpir01.predictions ]
[2022-09-29 14:58:54,765 ][INFO    ][Saved scores from the model in file: nlpir01/results/T2-EN-nlpir01-run_type.txt ]
[2022-09-29 14:58:54,765 ][INFO    ][Saved scores from the model in file: nlpir01/results/T2-EN-nlpir01-run_type.txt ]
[2022-09-29 14:59:09,084 ][INFO    ][Saved results to file: nlpir01/results/nlpir01.result ]
[2022-09-29 14:59:09,084 ][INFO    ][Saved results to file: nlpir01/results/nlpir01.result ]
[2022-09-29 16:53:58,909 ][INFO    ][Saved scores from the model in file: nlpir01/results/nlpir01.predictions ]
[2022-09-29 16:53:58,909 ][INFO    ][Saved scores from the model in file: nlpir01/results/nlpir01.predictions ]
[2022-09-29 17:02:33,401 ][INFO    ][Saved scores from the model in file: nlpir01/results/T2-EN-nlpir01-run_type.txt ]
[2022-09-29 17:02:33,401 ][INFO    ][Saved scores from the model in file: nlpir01/results/T2-EN-nlpir01-run_type.txt ]
[2022-09-29 17:02:47,234 ][INFO    ][Saved results to file: nlpir01/results/nlpir01.result ]
[2022-09-29 17:02:47,234 ][INFO    ][Saved results to file: nlpir01/results/nlpir01.result ]
[2022-10-01 13:18:02,806 ][INFO    ][Saved scores from the model in file: nlpir01/results/nlpir01.predictions ]
[2022-10-01 13:18:02,806 ][INFO    ][Saved scores from the model in file: nlpir01/results/nlpir01.predictions ]
[2022-10-01 13:27:03,412 ][INFO    ][Saved scores from the model in file: nlpir01/results/T2-EN-nlpir01-run_type.txt ]
[2022-10-01 13:27:03,412 ][INFO    ][Saved scores from the model in file: nlpir01/results/T2-EN-nlpir01-run_type.txt ]
[2022-10-01 13:27:15,336 ][INFO    ][Saved results to file: nlpir01/results/nlpir01.result ]
[2022-10-01 13:27:15,336 ][INFO    ][Saved results to file: nlpir01/results/nlpir01.result ]
[2022-10-01 14:12:51,907 ][INFO    ][Saved scores from the model in file: nlpir01/results/nlpir01.predictions ]
[2022-10-01 14:12:51,907 ][INFO    ][Saved scores from the model in file: nlpir01/results/nlpir01.predictions ]
[2022-10-01 14:21:52,722 ][INFO    ][Saved scores from the model in file: nlpir01/results/T2-EN-nlpir01-run_type.txt ]
[2022-10-01 14:21:52,722 ][INFO    ][Saved scores from the model in file: nlpir01/results/T2-EN-nlpir01-run_type.txt ]
[2022-10-01 14:22:03,550 ][INFO    ][Saved results to file: nlpir01/results/nlpir01.result ]
[2022-10-01 14:22:03,550 ][INFO    ][Saved results to file: nlpir01/results/nlpir01.result ]
[2022-10-01 14:49:03,876 ][INFO    ][Saved scores from the model in file: nlpir01/results/nlpir01.predictions ]
[2022-10-01 14:49:03,876 ][INFO    ][Saved scores from the model in file: nlpir01/results/nlpir01.predictions ]
[2022-10-01 14:58:05,044 ][INFO    ][Saved scores from the model in file: nlpir01/results/T2-EN-nlpir01-run_type.txt ]
[2022-10-01 14:58:05,044 ][INFO    ][Saved scores from the model in file: nlpir01/results/T2-EN-nlpir01-run_type.txt ]
[2022-10-01 14:58:16,748 ][INFO    ][Saved results to file: nlpir01/results/nlpir01.result ]
[2022-10-01 14:58:16,748 ][INFO    ][Saved results to file: nlpir01/results/nlpir01.result ]
[2022-10-03 20:49:19,943 ][INFO    ][Saved scores from the model in file: nlpir01/results/nlpir01.predictions ]
[2022-10-03 20:49:19,943 ][INFO    ][Saved scores from the model in file: nlpir01/results/nlpir01.predictions ]
[2022-10-03 21:01:27,610 ][INFO    ][Saved scores from the model in file: nlpir01/results/T2-EN-nlpir01-run_type.txt ]
[2022-10-03 21:01:27,610 ][INFO    ][Saved scores from the model in file: nlpir01/results/T2-EN-nlpir01-run_type.txt ]
[2022-10-03 21:01:41,839 ][INFO    ][Saved results to file: nlpir01/results/nlpir01.result ]
[2022-10-03 21:01:41,839 ][INFO    ][Saved results to file: nlpir01/results/nlpir01.result ]
[2022-10-04 01:25:08,410 ][INFO    ][Saved scores from the model in file: nlpir01/2022_2b_results/nlpir01.predictions ]
[2022-10-04 01:25:08,410 ][INFO    ][Saved scores from the model in file: nlpir01/2022_2b_results/nlpir01.predictions ]
[2022-10-04 01:30:35,149 ][INFO    ][Saved scores from the model in file: nlpir01/2022_2b_results/T2-EN-nlpir01-run_type.txt ]
[2022-10-04 01:30:35,149 ][INFO    ][Saved scores from the model in file: nlpir01/2022_2b_results/T2-EN-nlpir01-run_type.txt ]
[2022-10-04 01:30:43,260 ][INFO    ][Saved results to file: nlpir01/2022_2b_results/nlpir01.result ]
[2022-10-04 01:30:43,260 ][INFO    ][Saved results to file: nlpir01/2022_2b_results/nlpir01.result ]
[2022-10-04 16:42:58,127 ][INFO    ][Saved scores from the model in file: nlpir01/2021_2a_results/nlpir01.predictions ]
[2022-10-04 16:42:58,127 ][INFO    ][Saved scores from the model in file: nlpir01/2021_2a_results/nlpir01.predictions ]
[2022-10-04 16:54:24,087 ][INFO    ][Saved scores from the model in file: nlpir01/2021_2a_results/T2-EN-nlpir01-run_type.txt ]
[2022-10-04 16:54:24,087 ][INFO    ][Saved scores from the model in file: nlpir01/2021_2a_results/T2-EN-nlpir01-run_type.txt ]
[2022-10-04 16:54:53,173 ][INFO    ][Saved results to file: nlpir01/2021_2a_results/nlpir01.result ]
[2022-10-04 16:54:53,173 ][INFO    ][Saved results to file: nlpir01/2021_2a_results/nlpir01.result ]
[2022-10-04 22:19:17,858 ][INFO    ][Saved scores from the model in file: nlpir01/2021_2b_results/nlpir01.predictions ]
[2022-10-04 22:19:17,858 ][INFO    ][Saved scores from the model in file: nlpir01/2021_2b_results/nlpir01.predictions ]
[2022-10-04 22:25:48,687 ][INFO    ][Saved scores from the model in file: nlpir01/2021_2b_results/T2-EN-nlpir01-run_type.txt ]
[2022-10-04 22:25:48,687 ][INFO    ][Saved scores from the model in file: nlpir01/2021_2b_results/T2-EN-nlpir01-run_type.txt ]
[2022-10-04 22:25:56,813 ][INFO    ][Saved results to file: nlpir01/2021_2b_results/nlpir01.result ]
[2022-10-04 22:25:56,813 ][INFO    ][Saved results to file: nlpir01/2021_2b_results/nlpir01.result ]
[2022-10-05 15:42:29,716 ][INFO    ][Saved scores from the model in file: nlpir01/2020_2_results/nlpir01.predictions ]
[2022-10-05 15:42:29,716 ][INFO    ][Saved scores from the model in file: nlpir01/2020_2_results/nlpir01.predictions ]
[2022-10-05 15:51:27,796 ][INFO    ][Saved scores from the model in file: nlpir01/2020_2_results/T2-EN-nlpir01-run_type.txt ]
[2022-10-05 15:51:27,796 ][INFO    ][Saved scores from the model in file: nlpir01/2020_2_results/T2-EN-nlpir01-run_type.txt ]
[2022-10-05 15:51:40,355 ][INFO    ][Saved results to file: nlpir01/2020_2_results/nlpir01.result ]
[2022-10-05 15:51:40,355 ][INFO    ][Saved results to file: nlpir01/2020_2_results/nlpir01.result ]
[2022-10-06 04:37:44,544 ][INFO    ][Saved scores from the model in file: nlpir01/results/nlpir01.predictions ]
[2022-10-06 04:37:44,544 ][INFO    ][Saved scores from the model in file: nlpir01/results/nlpir01.predictions ]
[2022-10-06 04:47:18,289 ][INFO    ][Saved scores from the model in file: nlpir01/results/T2-EN-nlpir01-run_type.txt ]
[2022-10-06 04:47:18,289 ][INFO    ][Saved scores from the model in file: nlpir01/results/T2-EN-nlpir01-run_type.txt ]
[2022-10-06 04:47:32,003 ][INFO    ][Saved results to file: nlpir01/results/nlpir01.result ]
[2022-10-06 04:47:32,003 ][INFO    ][Saved results to file: nlpir01/results/nlpir01.result ]
[2022-10-06 13:13:12,767 ][INFO    ][Saved scores from the model in file: nlpir01/results/nlpir01.predictions ]
[2022-10-06 13:13:12,767 ][INFO    ][Saved scores from the model in file: nlpir01/results/nlpir01.predictions ]
[2022-10-06 13:21:44,588 ][INFO    ][Saved scores from the model in file: nlpir01/results/T2-EN-nlpir01-run_type.txt ]
[2022-10-06 13:21:44,588 ][INFO    ][Saved scores from the model in file: nlpir01/results/T2-EN-nlpir01-run_type.txt ]
[2022-10-06 13:21:57,587 ][INFO    ][Saved results to file: nlpir01/results/nlpir01.result ]
[2022-10-06 13:21:57,587 ][INFO    ][Saved results to file: nlpir01/results/nlpir01.result ]
[2022-10-07 01:20:59,069 ][INFO    ][Saved scores from the model in file: nlpir01/2022_2a_results/nlpir01.predictions ]
[2022-10-07 01:20:59,069 ][INFO    ][Saved scores from the model in file: nlpir01/2022_2a_results/nlpir01.predictions ]
[2022-10-07 01:41:54,084 ][INFO    ][Saved scores from the model in file: nlpir01/2022_2a_results/T2-EN-nlpir01-run_type.txt ]
[2022-10-07 01:41:54,084 ][INFO    ][Saved scores from the model in file: nlpir01/2022_2a_results/T2-EN-nlpir01-run_type.txt ]
[2022-10-07 01:42:23,112 ][INFO    ][Saved results to file: nlpir01/2022_2a_results/nlpir01.result ]
[2022-10-07 01:42:23,112 ][INFO    ][Saved results to file: nlpir01/2022_2a_results/nlpir01.result ]
[2022-10-07 15:24:15,914 ][INFO    ][Saved scores from the model in file: nlpir01/2021_2b_results/nlpir01.predictions ]
[2022-10-07 15:24:15,914 ][INFO    ][Saved scores from the model in file: nlpir01/2021_2b_results/nlpir01.predictions ]
[2022-10-07 15:37:25,751 ][INFO    ][Saved scores from the model in file: nlpir01/2021_2b_results/T2-EN-nlpir01-run_type.txt ]
[2022-10-07 15:37:25,751 ][INFO    ][Saved scores from the model in file: nlpir01/2021_2b_results/T2-EN-nlpir01-run_type.txt ]
[2022-10-07 15:37:50,113 ][INFO    ][Saved results to file: nlpir01/2021_2b_results/nlpir01.result ]
[2022-10-07 15:37:50,113 ][INFO    ][Saved results to file: nlpir01/2021_2b_results/nlpir01.result ]
[2022-10-07 21:58:08,895 ][INFO    ][Saved scores from the model in file: nlpir01/2022_2b_results/nlpir01.predictions ]
[2022-10-07 21:58:08,895 ][INFO    ][Saved scores from the model in file: nlpir01/2022_2b_results/nlpir01.predictions ]
[2022-10-07 22:03:23,315 ][INFO    ][Saved scores from the model in file: nlpir01/2022_2b_results/T2-EN-nlpir01-run_type.txt ]
[2022-10-07 22:03:23,315 ][INFO    ][Saved scores from the model in file: nlpir01/2022_2b_results/T2-EN-nlpir01-run_type.txt ]
[2022-10-07 22:03:31,874 ][INFO    ][Saved results to file: nlpir01/2022_2b_results/nlpir01.result ]
[2022-10-07 22:03:31,874 ][INFO    ][Saved results to file: nlpir01/2022_2b_results/nlpir01.result ]
[2022-10-08 02:54:37,582 ][INFO    ][Saved scores from the model in file: nlpir01/2020_2_results/nlpir01.predictions ]
[2022-10-08 02:54:37,582 ][INFO    ][Saved scores from the model in file: nlpir01/2020_2_results/nlpir01.predictions ]
[2022-10-08 03:01:44,529 ][INFO    ][Saved scores from the model in file: nlpir01/2020_2_results/T2-EN-nlpir01-run_type.txt ]
[2022-10-08 03:01:44,529 ][INFO    ][Saved scores from the model in file: nlpir01/2020_2_results/T2-EN-nlpir01-run_type.txt ]
[2022-10-08 03:01:57,470 ][INFO    ][Saved results to file: nlpir01/2020_2_results/nlpir01.result ]
[2022-10-08 03:01:57,470 ][INFO    ][Saved results to file: nlpir01/2020_2_results/nlpir01.result ]
[2022-10-11 18:22:28,932 ][INFO    ][Saved scores from the model in file: nlpir01/2022_2a_results/nlpir01.predictions ]
[2022-10-11 18:22:28,932 ][INFO    ][Saved scores from the model in file: nlpir01/2022_2a_results/nlpir01.predictions ]
[2022-10-11 18:35:11,253 ][INFO    ][Saved scores from the model in file: nlpir01/2022_2a_results/T2-EN-nlpir01-run_type.txt ]
[2022-10-11 18:35:11,253 ][INFO    ][Saved scores from the model in file: nlpir01/2022_2a_results/T2-EN-nlpir01-run_type.txt ]
[2022-10-11 18:35:25,732 ][INFO    ][Saved results to file: nlpir01/2022_2a_results/nlpir01.result ]
[2022-10-11 18:35:25,732 ][INFO    ][Saved results to file: nlpir01/2022_2a_results/nlpir01.result ]
[2022-10-12 13:36:41,966 ][INFO    ][Saved scores from the model in file: nlpir01/2022_2b_results/nlpir01.predictions ]
[2022-10-12 13:36:41,966 ][INFO    ][Saved scores from the model in file: nlpir01/2022_2b_results/nlpir01.predictions ]
[2022-10-12 13:40:47,210 ][INFO    ][Saved scores from the model in file: nlpir01/2022_2b_results/T2-EN-nlpir01-run_type.txt ]
[2022-10-12 13:40:47,210 ][INFO    ][Saved scores from the model in file: nlpir01/2022_2b_results/T2-EN-nlpir01-run_type.txt ]
[2022-10-12 13:40:54,056 ][INFO    ][Saved results to file: nlpir01/2022_2b_results/nlpir01.result ]
[2022-10-12 13:40:54,056 ][INFO    ][Saved results to file: nlpir01/2022_2b_results/nlpir01.result ]
[2022-10-12 19:34:31,156 ][INFO    ][Saved scores from the model in file: nlpir01/2021_2b_results/nlpir01.predictions ]
[2022-10-12 19:34:31,156 ][INFO    ][Saved scores from the model in file: nlpir01/2021_2b_results/nlpir01.predictions ]
[2022-10-12 19:40:28,980 ][INFO    ][Saved scores from the model in file: nlpir01/2021_2b_results/T2-EN-nlpir01-run_type.txt ]
[2022-10-12 19:40:28,980 ][INFO    ][Saved scores from the model in file: nlpir01/2021_2b_results/T2-EN-nlpir01-run_type.txt ]
[2022-10-12 19:40:37,174 ][INFO    ][Saved results to file: nlpir01/2021_2b_results/nlpir01.result ]
[2022-10-12 19:40:37,174 ][INFO    ][Saved results to file: nlpir01/2021_2b_results/nlpir01.result ]
[2022-10-13 04:08:31,316 ][INFO    ][Saved scores from the model in file: nlpir01/2021_2b_results/nlpir01.predictions ]
[2022-10-13 04:08:31,316 ][INFO    ][Saved scores from the model in file: nlpir01/2021_2b_results/nlpir01.predictions ]
[2022-10-13 04:13:49,308 ][INFO    ][Saved scores from the model in file: nlpir01/2021_2b_results/T2-EN-nlpir01-run_type.txt ]
[2022-10-13 04:13:49,308 ][INFO    ][Saved scores from the model in file: nlpir01/2021_2b_results/T2-EN-nlpir01-run_type.txt ]
[2022-10-13 04:13:56,323 ][INFO    ][Saved results to file: nlpir01/2021_2b_results/nlpir01.result ]
[2022-10-13 04:13:56,323 ][INFO    ][Saved results to file: nlpir01/2021_2b_results/nlpir01.result ]
[2022-10-13 14:42:10,720 ][INFO    ][Saved scores from the model in file: nlpir01/2021_2b_results/nlpir01.predictions ]
[2022-10-13 14:42:10,720 ][INFO    ][Saved scores from the model in file: nlpir01/2021_2b_results/nlpir01.predictions ]
[2022-10-13 14:47:30,629 ][INFO    ][Saved scores from the model in file: nlpir01/2021_2b_results/T2-EN-nlpir01-run_type.txt ]
[2022-10-13 14:47:30,629 ][INFO    ][Saved scores from the model in file: nlpir01/2021_2b_results/T2-EN-nlpir01-run_type.txt ]
[2022-10-13 14:47:37,701 ][INFO    ][Saved results to file: nlpir01/2021_2b_results/nlpir01.result ]
[2022-10-13 14:47:37,701 ][INFO    ][Saved results to file: nlpir01/2021_2b_results/nlpir01.result ]
[2022-10-13 19:26:51,845 ][INFO    ][Saved scores from the model in file: nlpir01/2020_2_results/nlpir01.predictions ]
[2022-10-13 19:26:51,845 ][INFO    ][Saved scores from the model in file: nlpir01/2020_2_results/nlpir01.predictions ]
[2022-10-13 19:33:31,578 ][INFO    ][Saved scores from the model in file: nlpir01/2020_2_results/T2-EN-nlpir01-run_type.txt ]
[2022-10-13 19:33:31,578 ][INFO    ][Saved scores from the model in file: nlpir01/2020_2_results/T2-EN-nlpir01-run_type.txt ]
[2022-10-13 19:33:43,737 ][INFO    ][Saved results to file: nlpir01/2020_2_results/nlpir01.result ]
[2022-10-13 19:33:43,737 ][INFO    ][Saved results to file: nlpir01/2020_2_results/nlpir01.result ]
[2022-10-14 02:54:52,026 ][INFO    ][Saved scores from the model in file: nlpir01/2020_2_results/nlpir01.predictions ]
[2022-10-14 02:54:52,026 ][INFO    ][Saved scores from the model in file: nlpir01/2020_2_results/nlpir01.predictions ]
[2022-10-14 03:04:13,516 ][INFO    ][Saved scores from the model in file: nlpir01/2020_2_results/T2-EN-nlpir01-run_type.txt ]
[2022-10-14 03:04:13,516 ][INFO    ][Saved scores from the model in file: nlpir01/2020_2_results/T2-EN-nlpir01-run_type.txt ]
[2022-10-14 03:04:26,077 ][INFO    ][Saved results to file: nlpir01/2020_2_results/nlpir01.result ]
[2022-10-14 03:04:26,077 ][INFO    ][Saved results to file: nlpir01/2020_2_results/nlpir01.result ]
[2022-10-14 14:52:33,623 ][INFO    ][Saved scores from the model in file: nlpir01/2020_2_results/nlpir01.predictions ]
[2022-10-14 14:52:33,623 ][INFO    ][Saved scores from the model in file: nlpir01/2020_2_results/nlpir01.predictions ]
[2022-10-14 15:02:56,085 ][INFO    ][Saved scores from the model in file: nlpir01/2020_2_results/T2-EN-nlpir01-run_type.txt ]
[2022-10-14 15:02:56,085 ][INFO    ][Saved scores from the model in file: nlpir01/2020_2_results/T2-EN-nlpir01-run_type.txt ]
[2022-10-14 15:03:10,513 ][INFO    ][Saved results to file: nlpir01/2020_2_results/nlpir01.result ]
[2022-10-14 15:03:10,513 ][INFO    ][Saved results to file: nlpir01/2020_2_results/nlpir01.result ]
[2022-10-14 23:43:43,461 ][INFO    ][Saved scores from the model in file: nlpir01/2022_2a_results/nlpir01.predictions ]
[2022-10-14 23:43:43,461 ][INFO    ][Saved scores from the model in file: nlpir01/2022_2a_results/nlpir01.predictions ]
[2022-10-15 00:01:43,734 ][INFO    ][Saved scores from the model in file: nlpir01/2022_2a_results/T2-EN-nlpir01-run_type.txt ]
[2022-10-15 00:01:43,734 ][INFO    ][Saved scores from the model in file: nlpir01/2022_2a_results/T2-EN-nlpir01-run_type.txt ]
[2022-10-15 00:01:56,862 ][INFO    ][Saved results to file: nlpir01/2022_2a_results/nlpir01.result ]
[2022-10-15 00:01:56,862 ][INFO    ][Saved results to file: nlpir01/2022_2a_results/nlpir01.result ]
[2022-10-16 20:15:06,162 ][INFO    ][Saved scores from the model in file: nlpir01/2022_2a_results/nlpir01.predictions ]
[2022-10-16 20:15:06,162 ][INFO    ][Saved scores from the model in file: nlpir01/2022_2a_results/nlpir01.predictions ]
[2022-10-16 20:26:08,055 ][INFO    ][Saved scores from the model in file: nlpir01/2022_2a_results/T2-EN-nlpir01-run_type.txt ]
[2022-10-16 20:26:08,055 ][INFO    ][Saved scores from the model in file: nlpir01/2022_2a_results/T2-EN-nlpir01-run_type.txt ]
[2022-10-16 20:26:19,495 ][INFO    ][Saved results to file: nlpir01/2022_2a_results/nlpir01.result ]
[2022-10-16 20:26:19,495 ][INFO    ][Saved results to file: nlpir01/2022_2a_results/nlpir01.result ]
[2022-10-17 05:29:32,956 ][INFO    ][Saved scores from the model in file: nlpir01/2022_2a_results/nlpir01.predictions ]
[2022-10-17 05:29:32,956 ][INFO    ][Saved scores from the model in file: nlpir01/2022_2a_results/nlpir01.predictions ]
[2022-10-17 05:40:31,678 ][INFO    ][Saved scores from the model in file: nlpir01/2022_2a_results/T2-EN-nlpir01-run_type.txt ]
[2022-10-17 05:40:31,678 ][INFO    ][Saved scores from the model in file: nlpir01/2022_2a_results/T2-EN-nlpir01-run_type.txt ]
[2022-10-17 05:40:42,928 ][INFO    ][Saved results to file: nlpir01/2022_2a_results/nlpir01.result ]
[2022-10-17 05:40:42,928 ][INFO    ][Saved results to file: nlpir01/2022_2a_results/nlpir01.result ]
[2022-10-17 14:59:24,532 ][INFO    ][Saved scores from the model in file: nlpir01/2022_2a_results/nlpir01.predictions ]
[2022-10-17 14:59:24,532 ][INFO    ][Saved scores from the model in file: nlpir01/2022_2a_results/nlpir01.predictions ]
[2022-10-17 15:25:54,272 ][INFO    ][Saved scores from the model in file: nlpir01/2022_2a_results/T2-EN-nlpir01-run_type.txt ]
[2022-10-17 15:25:54,272 ][INFO    ][Saved scores from the model in file: nlpir01/2022_2a_results/T2-EN-nlpir01-run_type.txt ]
[2022-10-17 15:26:29,780 ][INFO    ][Saved results to file: nlpir01/2022_2a_results/nlpir01.result ]
[2022-10-17 15:26:29,780 ][INFO    ][Saved results to file: nlpir01/2022_2a_results/nlpir01.result ]
[2022-10-17 19:55:42,649 ][INFO    ][Saved scores from the model in file: nlpir01/2020_2_results/nlpir01.predictions ]
[2022-10-17 19:55:42,649 ][INFO    ][Saved scores from the model in file: nlpir01/2020_2_results/nlpir01.predictions ]
[2022-10-17 20:03:55,211 ][INFO    ][Saved scores from the model in file: nlpir01/2020_2_results/T2-EN-nlpir01-run_type.txt ]
[2022-10-17 20:03:55,211 ][INFO    ][Saved scores from the model in file: nlpir01/2020_2_results/T2-EN-nlpir01-run_type.txt ]
[2022-10-17 20:04:06,456 ][INFO    ][Saved results to file: nlpir01/2020_2_results/nlpir01.result ]
[2022-10-17 20:04:06,456 ][INFO    ][Saved results to file: nlpir01/2020_2_results/nlpir01.result ]
[2022-10-18 11:39:02,426 ][INFO    ][Saved scores from the model in file: nlpir01/2020_2_results/nlpir01.predictions ]
[2022-10-18 11:39:02,426 ][INFO    ][Saved scores from the model in file: nlpir01/2020_2_results/nlpir01.predictions ]
[2022-10-18 11:47:48,937 ][INFO    ][Saved scores from the model in file: nlpir01/2020_2_results/T2-EN-nlpir01-run_type.txt ]
[2022-10-18 11:47:48,937 ][INFO    ][Saved scores from the model in file: nlpir01/2020_2_results/T2-EN-nlpir01-run_type.txt ]
[2022-10-18 11:48:00,262 ][INFO    ][Saved results to file: nlpir01/2020_2_results/nlpir01.result ]
[2022-10-18 11:48:00,262 ][INFO    ][Saved results to file: nlpir01/2020_2_results/nlpir01.result ]
[2022-10-18 16:23:28,333 ][INFO    ][Saved scores from the model in file: nlpir01/2020_2_results/nlpir01.predictions ]
[2022-10-18 16:23:28,333 ][INFO    ][Saved scores from the model in file: nlpir01/2020_2_results/nlpir01.predictions ]
[2022-10-18 16:31:48,971 ][INFO    ][Saved scores from the model in file: nlpir01/2020_2_results/T2-EN-nlpir01-run_type.txt ]
[2022-10-18 16:31:48,971 ][INFO    ][Saved scores from the model in file: nlpir01/2020_2_results/T2-EN-nlpir01-run_type.txt ]
[2022-10-18 16:32:00,376 ][INFO    ][Saved results to file: nlpir01/2020_2_results/nlpir01.result ]
[2022-10-18 16:32:00,376 ][INFO    ][Saved results to file: nlpir01/2020_2_results/nlpir01.result ]
[2023-03-08 18:43:43,745 ][INFO    ][Saved scores from the model in file: nlpir01/2022_2a/T2-EN-nlpir01-run_type.txt ]
[2023-03-08 18:43:43,745 ][INFO    ][Saved scores from the model in file: nlpir01/2022_2a/T2-EN-nlpir01-run_type.txt ]
[2023-03-09 11:49:55,377 ][INFO    ][Saved scores from the model in file: nlpir01/2022_2a/T2-EN-nlpir01-run_type.txt ]
[2023-03-09 11:49:55,377 ][INFO    ][Saved scores from the model in file: nlpir01/2022_2a/T2-EN-nlpir01-run_type.txt ]
[2023-03-09 13:46:55,687 ][INFO    ][Saved scores from the model in file: nlpir01/2022_2a/T2-EN-nlpir01-run_type.txt ]
[2023-03-09 13:46:55,687 ][INFO    ][Saved scores from the model in file: nlpir01/2022_2a/T2-EN-nlpir01-run_type.txt ]
[2023-03-09 17:58:23,612 ][INFO    ][Saved scores from the model in file: nlpir01/2022_2a/T2-EN-nlpir01-run_type.txt ]
[2023-03-09 17:58:23,612 ][INFO    ][Saved scores from the model in file: nlpir01/2022_2a/T2-EN-nlpir01-run_type.txt ]
[2023-03-09 23:23:34,050 ][INFO    ][Saved scores from the model in file: nlpir01/2022_2a/T2-EN-nlpir01-run_type.txt ]
[2023-03-09 23:23:34,050 ][INFO    ][Saved scores from the model in file: nlpir01/2022_2a/T2-EN-nlpir01-run_type.txt ]
[2023-03-10 11:55:44,199 ][INFO    ][Saved scores from the model in file: nlpir01/2020_2/nlpir01.results ]
[2023-03-10 11:55:44,199 ][INFO    ][Saved scores from the model in file: nlpir01/2020_2/nlpir01.results ]
[2023-03-10 13:51:42,030 ][INFO    ][Saved scores from the model in file: nlpir01/2020_2/T2-EN-nlpir01-run_type.txt ]
[2023-03-10 13:51:42,030 ][INFO    ][Saved scores from the model in file: nlpir01/2020_2/T2-EN-nlpir01-run_type.txt ]
[2023-03-10 18:06:42,056 ][INFO    ][Saved scores from the model in file: nlpir01/2022_2a/T2-EN-nlpir01-run_type.txt ]
[2023-03-10 18:06:42,056 ][INFO    ][Saved scores from the model in file: nlpir01/2022_2a/T2-EN-nlpir01-run_type.txt ]
[2023-03-10 22:08:42,619 ][INFO    ][Saved scores from the model in file: nlpir01/2022_2a/T2-EN-nlpir01-run_type.txt ]
[2023-03-10 22:08:42,619 ][INFO    ][Saved scores from the model in file: nlpir01/2022_2a/T2-EN-nlpir01-run_type.txt ]
[2023-03-11 00:50:15,175 ][INFO    ][Saved scores from the model in file: nlpir01/2021_2a/T2-EN-nlpir01-run_type.txt ]
[2023-03-11 00:50:15,175 ][INFO    ][Saved scores from the model in file: nlpir01/2021_2a/T2-EN-nlpir01-run_type.txt ]
[2023-03-11 12:18:27,771 ][INFO    ][Saved scores from the model in file: nlpir01/2021_2a/T2-EN-nlpir01-run_type.txt ]
[2023-03-11 12:18:27,771 ][INFO    ][Saved scores from the model in file: nlpir01/2021_2a/T2-EN-nlpir01-run_type.txt ]
[2023-03-11 21:47:45,923 ][INFO    ][Saved scores from the model in file: nlpir01/2022_2a/T2-EN-nlpir01-run_type.txt ]
[2023-03-11 21:47:45,923 ][INFO    ][Saved scores from the model in file: nlpir01/2022_2a/T2-EN-nlpir01-run_type.txt ]
[2023-03-12 01:06:25,136 ][INFO    ][Saved scores from the model in file: nlpir01/2022_2b/T2-EN-nlpir01-run_type.txt ]
[2023-03-12 01:06:25,136 ][INFO    ][Saved scores from the model in file: nlpir01/2022_2b/T2-EN-nlpir01-run_type.txt ]
[2023-03-12 12:16:14,339 ][INFO    ][Saved scores from the model in file: nlpir01/2021_2a/T2-EN-nlpir01-run_type.txt ]
[2023-03-12 12:16:14,339 ][INFO    ][Saved scores from the model in file: nlpir01/2021_2a/T2-EN-nlpir01-run_type.txt ]
[2023-03-12 19:42:24,288 ][INFO    ][Saved scores from the model in file: nlpir01/2021_2b/T2-EN-nlpir01-run_type.txt ]
[2023-03-12 19:42:24,288 ][INFO    ][Saved scores from the model in file: nlpir01/2021_2b/T2-EN-nlpir01-run_type.txt ]
[2023-03-12 21:17:45,034 ][INFO    ][Saved scores from the model in file: nlpir01/2020_2/T2-EN-nlpir01-run_type.txt ]
[2023-03-12 21:17:45,034 ][INFO    ][Saved scores from the model in file: nlpir01/2020_2/T2-EN-nlpir01-run_type.txt ]
[2023-03-13 01:22:01,910 ][INFO    ][Saved scores from the model in file: nlpir01/2022_2a/T2-EN-nlpir01-run_type.txt ]
[2023-03-13 01:22:01,910 ][INFO    ][Saved scores from the model in file: nlpir01/2022_2a/T2-EN-nlpir01-run_type.txt ]
[2023-03-13 10:12:03,481 ][INFO    ][Saved scores from the model in file: nlpir01/2022_2b/T2-EN-nlpir01-run_type.txt ]
[2023-03-13 10:12:03,481 ][INFO    ][Saved scores from the model in file: nlpir01/2022_2b/T2-EN-nlpir01-run_type.txt ]
